[0m16:04:52.567840 [debug] [MainThread]: Sending event: {'category': 'dbt', 'action': 'invocation', 'label': 'start', 'context': [<snowplow_tracker.self_describing_json.SelfDescribingJson object at 0x000002621F68D160>, <snowplow_tracker.self_describing_json.SelfDescribingJson object at 0x000002621FE010A0>, <snowplow_tracker.self_describing_json.SelfDescribingJson object at 0x000002621FC5A2A0>]}


============================== 16:04:52.575839 | a4e00685-41ee-4242-95d5-c20dcce2dd73 ==============================
[0m16:04:52.575839 [info ] [MainThread]: Running with dbt=1.9.4
[0m16:04:52.577091 [debug] [MainThread]: running dbt with arguments {'printer_width': '80', 'indirect_selection': 'eager', 'log_cache_events': 'False', 'write_json': 'True', 'partial_parse': 'True', 'cache_selected_only': 'False', 'profiles_dir': 'C:\\Users\\gowda\\.dbt', 'debug': 'False', 'fail_fast': 'False', 'log_path': 'logs', 'warn_error': 'None', 'version_check': 'True', 'use_colors': 'True', 'use_experimental_parser': 'False', 'no_print': 'None', 'quiet': 'False', 'empty': 'None', 'warn_error_options': 'WarnErrorOptions(include=[], exclude=[])', 'static_parser': 'True', 'invocation_command': 'dbt init amazon_reviews_dbt', 'log_format': 'default', 'target_path': 'None', 'introspect': 'True', 'send_anonymous_usage_stats': 'True'}
[0m16:04:52.618042 [warn ] [MainThread]: [ConfigFolderDirectory]: Unable to parse logging event dictionary. Failed to parse dir field: expected string or bytes-like object, got 'WindowsPath'.. Dictionary: {'dir': WindowsPath('C:/Users/gowda/.dbt')}
[0m16:04:52.619039 [info ] [MainThread]: Creating dbt configuration folder at 
[0m16:04:52.622039 [debug] [MainThread]: Starter project path: C:\Users\gowda\Documents\dbt project\venv\Lib\site-packages\dbt\include\starter_project
[0m16:04:52.656508 [info ] [MainThread]: 
Your new dbt project "amazon_reviews_dbt" was created!

For more information on how to configure the profiles.yml file,
please consult the dbt documentation here:

  https://docs.getdbt.com/docs/configure-your-profile

One more thing:

Need help? Don't hesitate to reach out to us via GitHub issues or on Slack:

  https://community.getdbt.com/

Happy modeling!

[0m16:04:52.656508 [info ] [MainThread]: Setting up your profile.
[0m16:11:34.542440 [info ] [MainThread]: Profile amazon_reviews_dbt written to C:\Users\gowda\.dbt\profiles.yml using target's profile_template.yml and your supplied values. Run 'dbt debug' to validate the connection.
[0m16:11:34.544438 [debug] [MainThread]: Command `dbt init` succeeded at 16:11:34.544438 after 402.25 seconds
[0m16:11:34.545491 [debug] [MainThread]: Sending event: {'category': 'dbt', 'action': 'invocation', 'label': 'end', 'context': [<snowplow_tracker.self_describing_json.SelfDescribingJson object at 0x0000026220117F80>, <snowplow_tracker.self_describing_json.SelfDescribingJson object at 0x000002621C834D70>, <snowplow_tracker.self_describing_json.SelfDescribingJson object at 0x000002621D640470>]}
[0m16:11:34.546704 [debug] [MainThread]: Flushing usage events
[0m16:11:35.337153 [debug] [MainThread]: An error was encountered while trying to flush usage events
[0m16:12:10.596483 [debug] [MainThread]: Sending event: {'category': 'dbt', 'action': 'invocation', 'label': 'start', 'context': [<snowplow_tracker.self_describing_json.SelfDescribingJson object at 0x0000023EF0DFF200>, <snowplow_tracker.self_describing_json.SelfDescribingJson object at 0x0000023EF3379F40>, <snowplow_tracker.self_describing_json.SelfDescribingJson object at 0x0000023EF30984A0>]}


============================== 16:12:10.613836 | c1b1c8c3-f5ae-447c-8623-67dc468f6399 ==============================
[0m16:12:10.613836 [info ] [MainThread]: Running with dbt=1.9.4
[0m16:12:10.613836 [debug] [MainThread]: running dbt with arguments {'printer_width': '80', 'indirect_selection': 'eager', 'log_cache_events': 'False', 'write_json': 'True', 'partial_parse': 'True', 'cache_selected_only': 'False', 'profiles_dir': 'C:\\Users\\gowda\\.dbt', 'version_check': 'True', 'fail_fast': 'False', 'log_path': 'logs', 'debug': 'False', 'warn_error': 'None', 'use_colors': 'True', 'use_experimental_parser': 'False', 'no_print': 'None', 'quiet': 'False', 'empty': 'False', 'log_format': 'default', 'introspect': 'True', 'warn_error_options': 'WarnErrorOptions(include=[], exclude=[])', 'invocation_command': 'dbt run', 'target_path': 'None', 'static_parser': 'True', 'send_anonymous_usage_stats': 'True'}
[0m16:12:10.613836 [error] [MainThread]: Encountered an error:
Runtime Error
  No dbt_project.yml found at expected path C:\Users\gowda\Documents\dbt project\dbt_project.yml
  Verify that each entry within packages.yml (and their transitive dependencies) contains a file named dbt_project.yml
  
[0m16:12:10.632351 [debug] [MainThread]: Command `dbt run` failed at 16:12:10.631735 after 0.33 seconds
[0m16:12:10.634656 [debug] [MainThread]: Sending event: {'category': 'dbt', 'action': 'invocation', 'label': 'end', 'context': [<snowplow_tracker.self_describing_json.SelfDescribingJson object at 0x0000023EF3113680>, <snowplow_tracker.self_describing_json.SelfDescribingJson object at 0x0000023EF37EFE60>, <snowplow_tracker.self_describing_json.SelfDescribingJson object at 0x0000023EF0EA4440>]}
[0m16:12:10.636418 [debug] [MainThread]: Flushing usage events
[0m16:12:10.947371 [debug] [MainThread]: An error was encountered while trying to flush usage events
[0m16:37:57.194412 [debug] [MainThread]: Sending event: {'category': 'dbt', 'action': 'invocation', 'label': 'start', 'context': [<snowplow_tracker.self_describing_json.SelfDescribingJson object at 0x000002499A4E73E0>, <snowplow_tracker.self_describing_json.SelfDescribingJson object at 0x000002499CAD10A0>, <snowplow_tracker.self_describing_json.SelfDescribingJson object at 0x000002499D012780>]}


============================== 16:37:57.207943 | fef5e3b4-c52c-42a9-81be-cde800a2606d ==============================
[0m16:37:57.207943 [info ] [MainThread]: Running with dbt=1.9.4
[0m16:37:57.207943 [debug] [MainThread]: running dbt with arguments {'printer_width': '80', 'indirect_selection': 'eager', 'write_json': 'True', 'log_cache_events': 'False', 'partial_parse': 'True', 'cache_selected_only': 'False', 'profiles_dir': 'C:\\Users\\gowda\\.dbt', 'fail_fast': 'False', 'version_check': 'True', 'log_path': 'logs', 'debug': 'False', 'warn_error': 'None', 'use_colors': 'True', 'use_experimental_parser': 'False', 'empty': 'None', 'quiet': 'False', 'no_print': 'None', 'log_format': 'default', 'invocation_command': 'dbt clean', 'introspect': 'True', 'static_parser': 'True', 'target_path': 'None', 'warn_error_options': 'WarnErrorOptions(include=[], exclude=[])', 'send_anonymous_usage_stats': 'True'}
[0m16:37:57.207943 [error] [MainThread]: Encountered an error:
Runtime Error
  No dbt_project.yml found at expected path C:\Users\gowda\Documents\dbt project\dbt_project.yml
  Verify that each entry within packages.yml (and their transitive dependencies) contains a file named dbt_project.yml
  
[0m16:37:57.217658 [debug] [MainThread]: Command `dbt clean` failed at 16:37:57.207943 after 0.32 seconds
[0m16:37:57.218823 [debug] [MainThread]: Sending event: {'category': 'dbt', 'action': 'invocation', 'label': 'end', 'context': [<snowplow_tracker.self_describing_json.SelfDescribingJson object at 0x000002499D012780>, <snowplow_tracker.self_describing_json.SelfDescribingJson object at 0x000002499D4BECF0>, <snowplow_tracker.self_describing_json.SelfDescribingJson object at 0x000002499D187A40>]}
[0m16:37:57.219867 [debug] [MainThread]: Flushing usage events
[0m16:37:57.521157 [debug] [MainThread]: An error was encountered while trying to flush usage events
[0m16:47:39.237728 [debug] [MainThread]: Sending event: {'category': 'dbt', 'action': 'invocation', 'label': 'start', 'context': [<snowplow_tracker.self_describing_json.SelfDescribingJson object at 0x000001CBF75107D0>, <snowplow_tracker.self_describing_json.SelfDescribingJson object at 0x000001CBF72690A0>, <snowplow_tracker.self_describing_json.SelfDescribingJson object at 0x000001CBF78D2420>]}


============================== 16:47:39.260427 | ff83818e-5ade-464b-b11e-5e180003d557 ==============================
[0m16:47:39.260427 [info ] [MainThread]: Running with dbt=1.9.4
[0m16:47:39.262551 [debug] [MainThread]: running dbt with arguments {'printer_width': '80', 'indirect_selection': 'eager', 'write_json': 'True', 'log_cache_events': 'False', 'partial_parse': 'True', 'cache_selected_only': 'False', 'warn_error': 'None', 'version_check': 'True', 'fail_fast': 'False', 'log_path': 'logs', 'debug': 'False', 'profiles_dir': 'C:\\Users\\gowda\\.dbt', 'use_colors': 'True', 'use_experimental_parser': 'False', 'empty': 'None', 'quiet': 'False', 'no_print': 'None', 'log_format': 'default', 'introspect': 'True', 'static_parser': 'True', 'invocation_command': 'dbt init dbt_amazon_project', 'target_path': 'None', 'warn_error_options': 'WarnErrorOptions(include=[], exclude=[])', 'send_anonymous_usage_stats': 'True'}
[0m16:47:39.341019 [debug] [MainThread]: Starter project path: C:\Users\gowda\Documents\dbt project\venv\Lib\site-packages\dbt\include\starter_project
[0m16:47:39.365455 [info ] [MainThread]: 
Your new dbt project "dbt_amazon_project" was created!

For more information on how to configure the profiles.yml file,
please consult the dbt documentation here:

  https://docs.getdbt.com/docs/configure-your-profile

One more thing:

Need help? Don't hesitate to reach out to us via GitHub issues or on Slack:

  https://community.getdbt.com/

Happy modeling!

[0m16:47:39.366456 [info ] [MainThread]: Setting up your profile.
[0m16:48:07.489392 [error] [MainThread]: Encountered an error:

[0m16:48:07.498871 [error] [MainThread]: Traceback (most recent call last):
  File "C:\Users\gowda\Documents\dbt project\venv\Lib\site-packages\dbt\cli\requires.py", line 153, in wrapper
    result, success = func(*args, **kwargs)
                      ^^^^^^^^^^^^^^^^^^^^^
  File "C:\Users\gowda\Documents\dbt project\venv\Lib\site-packages\dbt\cli\requires.py", line 103, in wrapper
    return func(*args, **kwargs)
           ^^^^^^^^^^^^^^^^^^^^^
  File "C:\Users\gowda\Documents\dbt project\venv\Lib\site-packages\dbt\cli\main.py", line 477, in init
    results = task.run()
              ^^^^^^^^^^
  File "C:\Users\gowda\Documents\dbt project\venv\Lib\site-packages\dbt\task\init.py", line 346, in run
    self.setup_profile(profile_name)
  File "C:\Users\gowda\Documents\dbt project\venv\Lib\site-packages\dbt\task\init.py", line 262, in setup_profile
    self.create_profile_from_target(adapter, profile_name=profile_name)
  File "C:\Users\gowda\Documents\dbt project\venv\Lib\site-packages\dbt\task\init.py", line 179, in create_profile_from_target
    self.create_profile_from_profile_template(profile_template, profile_name)
  File "C:\Users\gowda\Documents\dbt project\venv\Lib\site-packages\dbt\task\init.py", line 163, in create_profile_from_profile_template
    target = self.generate_target_from_input(prompts, initial_target)
             ^^^^^^^^^^^^^^^^^^^^^^^^^^^^^^^^^^^^^^^^^^^^^^^^^^^^^^^^
  File "C:\Users\gowda\Documents\dbt project\venv\Lib\site-packages\dbt\task\init.py", line 129, in generate_target_from_input
    target[key] = click.prompt(
                  ^^^^^^^^^^^^^
  File "C:\Users\gowda\Documents\dbt project\venv\Lib\site-packages\click\termui.py", line 164, in prompt
    value = prompt_func(prompt)
            ^^^^^^^^^^^^^^^^^^^
  File "C:\Users\gowda\Documents\dbt project\venv\Lib\site-packages\click\termui.py", line 147, in prompt_func
    raise Abort() from None
click.exceptions.Abort

[0m16:48:07.498871 [debug] [MainThread]: Command `dbt init` failed at 16:48:07.498871 after 28.59 seconds
[0m16:48:07.498871 [debug] [MainThread]: Sending event: {'category': 'dbt', 'action': 'invocation', 'label': 'end', 'context': [<snowplow_tracker.self_describing_json.SelfDescribingJson object at 0x000001CBF6E9A120>, <snowplow_tracker.self_describing_json.SelfDescribingJson object at 0x000001CBF76F2930>, <snowplow_tracker.self_describing_json.SelfDescribingJson object at 0x000001CBF77843E0>]}
[0m16:48:07.498871 [debug] [MainThread]: Flushing usage events
[0m16:48:08.044818 [debug] [MainThread]: An error was encountered while trying to flush usage events
[0m16:48:14.996765 [debug] [MainThread]: Sending event: {'category': 'dbt', 'action': 'invocation', 'label': 'start', 'context': [<snowplow_tracker.self_describing_json.SelfDescribingJson object at 0x00000275669F7B30>, <snowplow_tracker.self_describing_json.SelfDescribingJson object at 0x000002756936CC80>, <snowplow_tracker.self_describing_json.SelfDescribingJson object at 0x000002756936E5D0>]}


============================== 16:48:15.007222 | d06cd6a1-4abc-4170-8706-a5b9a5c32fa5 ==============================
[0m16:48:15.007222 [info ] [MainThread]: Running with dbt=1.9.4
[0m16:48:15.010219 [debug] [MainThread]: running dbt with arguments {'printer_width': '80', 'indirect_selection': 'eager', 'write_json': 'True', 'log_cache_events': 'False', 'partial_parse': 'True', 'cache_selected_only': 'False', 'warn_error': 'None', 'debug': 'False', 'fail_fast': 'False', 'log_path': 'logs', 'profiles_dir': 'C:\\Users\\gowda\\.dbt', 'version_check': 'True', 'use_colors': 'True', 'use_experimental_parser': 'False', 'no_print': 'None', 'quiet': 'False', 'empty': 'None', 'warn_error_options': 'WarnErrorOptions(include=[], exclude=[])', 'introspect': 'True', 'static_parser': 'True', 'invocation_command': 'dbt init dbt_amazon_project', 'target_path': 'None', 'log_format': 'default', 'send_anonymous_usage_stats': 'True'}
[0m16:48:15.059434 [info ] [MainThread]: A project called dbt_amazon_project already exists here.
[0m16:48:15.071903 [debug] [MainThread]: Command `dbt init` succeeded at 16:48:15.071903 after 0.33 seconds
[0m16:48:15.071903 [debug] [MainThread]: Sending event: {'category': 'dbt', 'action': 'invocation', 'label': 'end', 'context': [<snowplow_tracker.self_describing_json.SelfDescribingJson object at 0x0000027568EDEF60>, <snowplow_tracker.self_describing_json.SelfDescribingJson object at 0x0000027568EDEF30>, <snowplow_tracker.self_describing_json.SelfDescribingJson object at 0x00000275697672F0>]}
[0m16:48:15.071903 [debug] [MainThread]: Flushing usage events
[0m16:48:15.300625 [debug] [MainThread]: An error was encountered while trying to flush usage events
[0m16:48:32.216760 [debug] [MainThread]: Sending event: {'category': 'dbt', 'action': 'invocation', 'label': 'start', 'context': [<snowplow_tracker.self_describing_json.SelfDescribingJson object at 0x000001F069AC0320>, <snowplow_tracker.self_describing_json.SelfDescribingJson object at 0x000001F069AC0E30>, <snowplow_tracker.self_describing_json.SelfDescribingJson object at 0x000001F066E145F0>]}


============================== 16:48:32.216760 | 1cad919a-f7f6-4a10-af5a-611cfa625f9b ==============================
[0m16:48:32.216760 [info ] [MainThread]: Running with dbt=1.9.4
[0m16:48:32.232635 [debug] [MainThread]: running dbt with arguments {'printer_width': '80', 'indirect_selection': 'eager', 'write_json': 'True', 'log_cache_events': 'False', 'partial_parse': 'True', 'cache_selected_only': 'False', 'warn_error': 'None', 'version_check': 'True', 'debug': 'False', 'log_path': 'logs', 'fail_fast': 'False', 'profiles_dir': 'C:\\Users\\gowda\\.dbt', 'use_colors': 'True', 'use_experimental_parser': 'False', 'empty': 'None', 'quiet': 'False', 'no_print': 'None', 'warn_error_options': 'WarnErrorOptions(include=[], exclude=[])', 'static_parser': 'True', 'introspect': 'True', 'invocation_command': 'dbt init dbt_amazon_project', 'target_path': 'None', 'log_format': 'default', 'send_anonymous_usage_stats': 'True'}
[0m16:48:32.271446 [debug] [MainThread]: Starter project path: C:\Users\gowda\Documents\dbt project\venv\Lib\site-packages\dbt\include\starter_project
[0m16:48:32.289423 [info ] [MainThread]: 
Your new dbt project "dbt_amazon_project" was created!

For more information on how to configure the profiles.yml file,
please consult the dbt documentation here:

  https://docs.getdbt.com/docs/configure-your-profile

One more thing:

Need help? Don't hesitate to reach out to us via GitHub issues or on Slack:

  https://community.getdbt.com/

Happy modeling!

[0m16:48:32.291431 [info ] [MainThread]: Setting up your profile.
[0m16:49:58.528862 [info ] [MainThread]: Profile dbt_amazon_project written to C:\Users\gowda\.dbt\profiles.yml using target's profile_template.yml and your supplied values. Run 'dbt debug' to validate the connection.
[0m16:49:58.538298 [debug] [MainThread]: Command `dbt init` succeeded at 16:49:58.538298 after 86.55 seconds
[0m16:49:58.539314 [debug] [MainThread]: Sending event: {'category': 'dbt', 'action': 'invocation', 'label': 'end', 'context': [<snowplow_tracker.self_describing_json.SelfDescribingJson object at 0x000001F06A256D20>, <snowplow_tracker.self_describing_json.SelfDescribingJson object at 0x000001F064135520>, <snowplow_tracker.self_describing_json.SelfDescribingJson object at 0x000001F06A526F90>]}
[0m16:49:58.540311 [debug] [MainThread]: Flushing usage events
[0m16:49:58.985353 [debug] [MainThread]: An error was encountered while trying to flush usage events
[0m16:50:27.535048 [debug] [MainThread]: Sending event: {'category': 'dbt', 'action': 'invocation', 'label': 'start', 'context': [<snowplow_tracker.self_describing_json.SelfDescribingJson object at 0x0000025BE6460B30>, <snowplow_tracker.self_describing_json.SelfDescribingJson object at 0x0000025BE6134BC0>, <snowplow_tracker.self_describing_json.SelfDescribingJson object at 0x0000025BE6136C60>]}


============================== 16:50:27.545040 | 067c2fcf-d5ee-43f1-9da4-47301ea355de ==============================
[0m16:50:27.545040 [info ] [MainThread]: Running with dbt=1.9.4
[0m16:50:27.546034 [debug] [MainThread]: running dbt with arguments {'printer_width': '80', 'indirect_selection': 'eager', 'log_cache_events': 'False', 'write_json': 'True', 'partial_parse': 'True', 'cache_selected_only': 'False', 'profiles_dir': 'C:\\Users\\gowda\\.dbt', 'debug': 'False', 'version_check': 'True', 'log_path': 'logs', 'warn_error': 'None', 'fail_fast': 'False', 'use_colors': 'True', 'use_experimental_parser': 'False', 'empty': 'None', 'quiet': 'False', 'no_print': 'None', 'log_format': 'default', 'invocation_command': 'dbt debug', 'warn_error_options': 'WarnErrorOptions(include=[], exclude=[])', 'introspect': 'True', 'target_path': 'None', 'static_parser': 'True', 'send_anonymous_usage_stats': 'True'}
[0m16:50:27.612949 [info ] [MainThread]: dbt version: 1.9.4
[0m16:50:27.612949 [info ] [MainThread]: python version: 3.12.0
[0m16:50:27.612949 [info ] [MainThread]: python path: C:\Users\gowda\Documents\dbt project\venv\Scripts\python.exe
[0m16:50:27.612949 [info ] [MainThread]: os info: Windows-11-10.0.26100-SP0
[0m16:50:27.716906 [info ] [MainThread]: Using profiles dir at C:\Users\gowda\.dbt
[0m16:50:27.716906 [info ] [MainThread]: Using profiles.yml file at C:\Users\gowda\.dbt\profiles.yml
[0m16:50:27.716906 [info ] [MainThread]: Using dbt_project.yml file at C:\Users\gowda\Documents\dbt project\dbt_project.yml
[0m16:50:27.716906 [error] [MainThread]: Encountered an error:
Internal Error
  Profile should not be None if loading profile completed
[0m16:50:27.716906 [debug] [MainThread]: Command `dbt debug` failed at 16:50:27.716906 after 0.44 seconds
[0m16:50:27.723877 [debug] [MainThread]: Sending event: {'category': 'dbt', 'action': 'invocation', 'label': 'end', 'context': [<snowplow_tracker.self_describing_json.SelfDescribingJson object at 0x0000025BE64E1DC0>, <snowplow_tracker.self_describing_json.SelfDescribingJson object at 0x0000025BE6460B30>, <snowplow_tracker.self_describing_json.SelfDescribingJson object at 0x0000025BE6DCDA60>]}
[0m16:50:27.723877 [debug] [MainThread]: Flushing usage events
[0m16:50:27.905248 [debug] [MainThread]: An error was encountered while trying to flush usage events
[0m16:51:19.296074 [debug] [MainThread]: Sending event: {'category': 'dbt', 'action': 'invocation', 'label': 'start', 'context': [<snowplow_tracker.self_describing_json.SelfDescribingJson object at 0x0000023D1C0522D0>, <snowplow_tracker.self_describing_json.SelfDescribingJson object at 0x0000023D1C0527E0>, <snowplow_tracker.self_describing_json.SelfDescribingJson object at 0x0000023D19304500>]}


============================== 16:51:19.312286 | 7163f1c6-3dd1-4757-8134-1d5871144263 ==============================
[0m16:51:19.312286 [info ] [MainThread]: Running with dbt=1.9.4
[0m16:51:19.312286 [debug] [MainThread]: running dbt with arguments {'printer_width': '80', 'indirect_selection': 'eager', 'write_json': 'True', 'log_cache_events': 'False', 'partial_parse': 'True', 'cache_selected_only': 'False', 'profiles_dir': 'C:\\Users\\gowda\\.dbt', 'debug': 'False', 'version_check': 'True', 'log_path': 'logs', 'fail_fast': 'False', 'warn_error': 'None', 'use_colors': 'True', 'use_experimental_parser': 'False', 'empty': 'None', 'quiet': 'False', 'no_print': 'None', 'warn_error_options': 'WarnErrorOptions(include=[], exclude=[])', 'invocation_command': 'dbt ls', 'introspect': 'True', 'static_parser': 'True', 'target_path': 'None', 'log_format': 'default', 'send_anonymous_usage_stats': 'True'}
[0m16:51:19.312286 [error] [MainThread]: Encountered an error:
Runtime Error
  No dbt_project.yml found at expected path C:\Users\gowda\Documents\dbt project\dbt_project.yml
  Verify that each entry within packages.yml (and their transitive dependencies) contains a file named dbt_project.yml
  
[0m16:51:19.312286 [debug] [MainThread]: Command `dbt ls` failed at 16:51:19.312286 after 0.31 seconds
[0m16:51:19.312286 [debug] [MainThread]: Sending event: {'category': 'dbt', 'action': 'invocation', 'label': 'end', 'context': [<snowplow_tracker.self_describing_json.SelfDescribingJson object at 0x0000023D1CA5F860>, <snowplow_tracker.self_describing_json.SelfDescribingJson object at 0x0000023D1CA8EC60>, <snowplow_tracker.self_describing_json.SelfDescribingJson object at 0x0000023D1C57A9C0>]}
[0m16:51:19.312286 [debug] [MainThread]: Flushing usage events
[0m16:51:19.650810 [debug] [MainThread]: An error was encountered while trying to flush usage events
[0m17:28:54.810656 [debug] [MainThread]: Sending event: {'category': 'dbt', 'action': 'invocation', 'label': 'start', 'context': [<snowplow_tracker.self_describing_json.SelfDescribingJson object at 0x000002D2640244D0>, <snowplow_tracker.self_describing_json.SelfDescribingJson object at 0x000002D26444DAC0>, <snowplow_tracker.self_describing_json.SelfDescribingJson object at 0x000002D264666060>]}


============================== 17:28:54.817373 | a432a867-52f7-4579-a8eb-3af332d11301 ==============================
[0m17:28:54.817373 [info ] [MainThread]: Running with dbt=1.9.4
[0m17:28:54.817373 [debug] [MainThread]: running dbt with arguments {'printer_width': '80', 'indirect_selection': 'eager', 'log_cache_events': 'False', 'write_json': 'True', 'partial_parse': 'True', 'cache_selected_only': 'False', 'profiles_dir': 'C:\\Users\\gowda\\.dbt', 'debug': 'False', 'warn_error': 'None', 'log_path': 'logs', 'version_check': 'True', 'fail_fast': 'False', 'use_colors': 'True', 'use_experimental_parser': 'False', 'empty': 'None', 'quiet': 'False', 'no_print': 'None', 'warn_error_options': 'WarnErrorOptions(include=[], exclude=[])', 'invocation_command': 'dbt debug', 'log_format': 'default', 'introspect': 'True', 'target_path': 'None', 'static_parser': 'True', 'send_anonymous_usage_stats': 'True'}
[0m17:28:54.864283 [info ] [MainThread]: dbt version: 1.9.4
[0m17:28:54.864283 [info ] [MainThread]: python version: 3.12.0
[0m17:28:54.864283 [info ] [MainThread]: python path: C:\Users\gowda\Documents\dbt project\venv\Scripts\python.exe
[0m17:28:54.864283 [info ] [MainThread]: os info: Windows-11-10.0.26100-SP0
[0m17:28:54.982628 [info ] [MainThread]: Using profiles dir at C:\Users\gowda\.dbt
[0m17:28:54.982628 [info ] [MainThread]: Using profiles.yml file at C:\Users\gowda\.dbt\profiles.yml
[0m17:28:54.982628 [info ] [MainThread]: Using dbt_project.yml file at C:\Users\gowda\Documents\dbt project\dbt_project.yml
[0m17:28:54.982628 [info ] [MainThread]: Configuration:
[0m17:28:54.982628 [info ] [MainThread]:   profiles.yml file [[31mERROR invalid[0m]
[0m17:28:54.982628 [info ] [MainThread]:   dbt_project.yml file [[31mERROR not found[0m]
[0m17:28:54.982628 [info ] [MainThread]: Required dependencies:
[0m17:28:54.982628 [debug] [MainThread]: Executing "git --help"
[0m17:28:55.079210 [debug] [MainThread]: STDOUT: "b"usage: git [-v | --version] [-h | --help] [-C <path>] [-c <name>=<value>]\n           [--exec-path[=<path>]] [--html-path] [--man-path] [--info-path]\n           [-p | --paginate | -P | --no-pager] [--no-replace-objects] [--bare]\n           [--git-dir=<path>] [--work-tree=<path>] [--namespace=<name>]\n           [--config-env=<name>=<envvar>] <command> [<args>]\n\nThese are common Git commands used in various situations:\n\nstart a working area (see also: git help tutorial)\n   clone     Clone a repository into a new directory\n   init      Create an empty Git repository or reinitialize an existing one\n\nwork on the current change (see also: git help everyday)\n   add       Add file contents to the index\n   mv        Move or rename a file, a directory, or a symlink\n   restore   Restore working tree files\n   rm        Remove files from the working tree and from the index\n\nexamine the history and state (see also: git help revisions)\n   bisect    Use binary search to find the commit that introduced a bug\n   diff      Show changes between commits, commit and working tree, etc\n   grep      Print lines matching a pattern\n   log       Show commit logs\n   show      Show various types of objects\n   status    Show the working tree status\n\ngrow, mark and tweak your common history\n   branch    List, create, or delete branches\n   commit    Record changes to the repository\n   merge     Join two or more development histories together\n   rebase    Reapply commits on top of another base tip\n   reset     Reset current HEAD to the specified state\n   switch    Switch branches\n   tag       Create, list, delete or verify a tag object signed with GPG\n\ncollaborate (see also: git help workflows)\n   fetch     Download objects and refs from another repository\n   pull      Fetch from and integrate with another repository or a local branch\n   push      Update remote refs along with associated objects\n\n'git help -a' and 'git help -g' list available subcommands and some\nconcept guides. See 'git help <command>' or 'git help <concept>'\nto read about a specific subcommand or concept.\nSee 'git help git' for an overview of the system.\n""
[0m17:28:55.080214 [debug] [MainThread]: STDERR: "b''"
[0m17:28:55.081314 [info ] [MainThread]:  - git [[32mOK found[0m]

[0m17:28:55.082255 [info ] [MainThread]: Connection test skipped since no profile was found
[0m17:28:55.083210 [info ] [MainThread]: [31m2 checks failed:[0m
[0m17:28:55.084210 [info ] [MainThread]: Could not load dbt_project.yml
Profile loading failed for the following reason:
Runtime Error
  Credentials in profile "amazon_reviews_dbt", target "dev" invalid: None is not of type 'string'

Runtime Error
  Credentials in profile "dbt_amazon_project", target "dev" invalid: None is not of type 'string'


[0m17:28:55.085209 [info ] [MainThread]: Project loading failed for the following reason:
 project path <C:\Users\gowda\Documents\dbt project\dbt_project.yml> not found

[0m17:28:55.090216 [debug] [MainThread]: Command `dbt debug` failed at 17:28:55.089217 after 0.62 seconds
[0m17:28:55.093216 [debug] [MainThread]: Sending event: {'category': 'dbt', 'action': 'invocation', 'label': 'end', 'context': [<snowplow_tracker.self_describing_json.SelfDescribingJson object at 0x000002D2641318E0>, <snowplow_tracker.self_describing_json.SelfDescribingJson object at 0x000002D264181880>, <snowplow_tracker.self_describing_json.SelfDescribingJson object at 0x000002D2625A6D80>]}
[0m17:28:55.094211 [debug] [MainThread]: Flushing usage events
[0m17:28:55.553406 [debug] [MainThread]: An error was encountered while trying to flush usage events
